The system is: Linux - 3.13.0-52-generic - x86_64
Compiling the C compiler identification source file "CMakeCCompilerId.c" succeeded.
Compiler: /usr/bin/cc 
Build flags: 
Id flags: 

The output was:
0


Compilation of the C compiler identification source "CMakeCCompilerId.c" produced "a.out"

The C compiler identification is GNU, found in "/home/crrl-user1/code_projects/nao_worktree/naonav/build-remote_toolchain/CMakeFiles/2.8.12.2/CompilerIdC/a.out"

Compiling the CXX compiler identification source file "CMakeCXXCompilerId.cpp" succeeded.
Compiler: /usr/bin/c++ 
Build flags: 
Id flags: 

The output was:
0


Compilation of the CXX compiler identification source "CMakeCXXCompilerId.cpp" produced "a.out"

The CXX compiler identification is GNU, found in "/home/crrl-user1/code_projects/nao_worktree/naonav/build-remote_toolchain/CMakeFiles/2.8.12.2/CompilerIdCXX/a.out"

Determining if the C compiler works passed with the following output:
Change Dir: /home/crrl-user1/code_projects/nao_worktree/naonav/build-remote_toolchain/CMakeFiles/CMakeTmp

Run Build Command:/usr/bin/make "cmTryCompileExec2861746559/fast"
/usr/bin/make -f CMakeFiles/cmTryCompileExec2861746559.dir/build.make CMakeFiles/cmTryCompileExec2861746559.dir/build
make[1]: Entering directory `/home/crrl-user1/code_projects/nao_worktree/naonav/build-remote_toolchain/CMakeFiles/CMakeTmp'
/usr/bin/cmake -E cmake_progress_report /home/crrl-user1/code_projects/nao_worktree/naonav/build-remote_toolchain/CMakeFiles/CMakeTmp/CMakeFiles 1
Building C object CMakeFiles/cmTryCompileExec2861746559.dir/testCCompiler.c.o
/usr/bin/cc    -o CMakeFiles/cmTryCompileExec2861746559.dir/testCCompiler.c.o   -c /home/crrl-user1/code_projects/nao_worktree/naonav/build-remote_toolchain/CMakeFiles/CMakeTmp/testCCompiler.c
Linking C executable cmTryCompileExec2861746559
/usr/bin/cmake -E cmake_link_script CMakeFiles/cmTryCompileExec2861746559.dir/link.txt --verbose=1
/usr/bin/cc       CMakeFiles/cmTryCompileExec2861746559.dir/testCCompiler.c.o  -o cmTryCompileExec2861746559 -rdynamic 
make[1]: Leaving directory `/home/crrl-user1/code_projects/nao_worktree/naonav/build-remote_toolchain/CMakeFiles/CMakeTmp'


Detecting C compiler ABI info compiled with the following output:
Change Dir: /home/crrl-user1/code_projects/nao_worktree/naonav/build-remote_toolchain/CMakeFiles/CMakeTmp

Run Build Command:/usr/bin/make "cmTryCompileExec3833668771/fast"
/usr/bin/make -f CMakeFiles/cmTryCompileExec3833668771.dir/build.make CMakeFiles/cmTryCompileExec3833668771.dir/build
make[1]: Entering directory `/home/crrl-user1/code_projects/nao_worktree/naonav/build-remote_toolchain/CMakeFiles/CMakeTmp'
/usr/bin/cmake -E cmake_progress_report /home/crrl-user1/code_projects/nao_worktree/naonav/build-remote_toolchain/CMakeFiles/CMakeTmp/CMakeFiles 1
Building C object CMakeFiles/cmTryCompileExec3833668771.dir/CMakeCCompilerABI.c.o
/usr/bin/cc    -o CMakeFiles/cmTryCompileExec3833668771.dir/CMakeCCompilerABI.c.o   -c /usr/share/cmake-2.8/Modules/CMakeCCompilerABI.c
Linking C executable cmTryCompileExec3833668771
/usr/bin/cmake -E cmake_link_script CMakeFiles/cmTryCompileExec3833668771.dir/link.txt --verbose=1
/usr/bin/cc     -v CMakeFiles/cmTryCompileExec3833668771.dir/CMakeCCompilerABI.c.o  -o cmTryCompileExec3833668771 -rdynamic  
Using built-in specs.
COLLECT_GCC=/usr/bin/cc
COLLECT_LTO_WRAPPER=/usr/lib/gcc/x86_64-linux-gnu/4.8/lto-wrapper
Target: x86_64-linux-gnu
Configured with: ../src/configure -v --with-pkgversion='Ubuntu 4.8.2-19ubuntu1' --with-bugurl=file:///usr/share/doc/gcc-4.8/README.Bugs --enable-languages=c,c++,java,go,d,fortran,objc,obj-c++ --prefix=/usr --program-suffix=-4.8 --enable-shared --enable-linker-build-id --libexecdir=/usr/lib --without-included-gettext --enable-threads=posix --with-gxx-include-dir=/usr/include/c++/4.8 --libdir=/usr/lib --enable-nls --with-sysroot=/ --enable-clocale=gnu --enable-libstdcxx-debug --enable-libstdcxx-time=yes --enable-gnu-unique-object --disable-libmudflap --enable-plugin --with-system-zlib --disable-browser-plugin --enable-java-awt=gtk --enable-gtk-cairo --with-java-home=/usr/lib/jvm/java-1.5.0-gcj-4.8-amd64/jre --enable-java-home --with-jvm-root-dir=/usr/lib/jvm/java-1.5.0-gcj-4.8-amd64 --with-jvm-jar-dir=/usr/lib/jvm-exports/java-1.5.0-gcj-4.8-amd64 --with-arch-directory=amd64 --with-ecj-jar=/usr/share/java/eclipse-ecj.jar --enable-objc-gc --enable-multiarch --disable-werror --with-arch-32=i686 --with-abi=m64 --with-multilib-list=m32,m64,mx32 --with-tune=generic --enable-checking=release --build=x86_64-linux-gnu --host=x86_64-linux-gnu --target=x86_64-linux-gnu
Thread model: posix
gcc version 4.8.2 (Ubuntu 4.8.2-19ubuntu1) 
COMPILER_PATH=/usr/lib/gcc/x86_64-linux-gnu/4.8/:/usr/lib/gcc/x86_64-linux-gnu/4.8/:/usr/lib/gcc/x86_64-linux-gnu/:/usr/lib/gcc/x86_64-linux-gnu/4.8/:/usr/lib/gcc/x86_64-linux-gnu/
LIBRARY_PATH=/usr/lib/gcc/x86_64-linux-gnu/4.8/:/usr/lib/gcc/x86_64-linux-gnu/4.8/../../../x86_64-linux-gnu/:/usr/lib/gcc/x86_64-linux-gnu/4.8/../../../../lib/:/lib/x86_64-linux-gnu/:/lib/../lib/:/usr/lib/x86_64-linux-gnu/:/usr/lib/../lib/:/usr/lib/gcc/x86_64-linux-gnu/4.8/../../../:/lib/:/usr/lib/
COLLECT_GCC_OPTIONS='-v' '-o' 'cmTryCompileExec3833668771' '-rdynamic' '-mtune=generic' '-march=x86-64'
 /usr/lib/gcc/x86_64-linux-gnu/4.8/collect2 --sysroot=/ --build-id --eh-frame-hdr -m elf_x86_64 --hash-style=gnu --as-needed -export-dynamic -dynamic-linker /lib64/ld-linux-x86-64.so.2 -z relro -o cmTryCompileExec3833668771 /usr/lib/gcc/x86_64-linux-gnu/4.8/../../../x86_64-linux-gnu/crt1.o /usr/lib/gcc/x86_64-linux-gnu/4.8/../../../x86_64-linux-gnu/crti.o /usr/lib/gcc/x86_64-linux-gnu/4.8/crtbegin.o -L/usr/lib/gcc/x86_64-linux-gnu/4.8 -L/usr/lib/gcc/x86_64-linux-gnu/4.8/../../../x86_64-linux-gnu -L/usr/lib/gcc/x86_64-linux-gnu/4.8/../../../../lib -L/lib/x86_64-linux-gnu -L/lib/../lib -L/usr/lib/x86_64-linux-gnu -L/usr/lib/../lib -L/usr/lib/gcc/x86_64-linux-gnu/4.8/../../.. CMakeFiles/cmTryCompileExec3833668771.dir/CMakeCCompilerABI.c.o -lgcc --as-needed -lgcc_s --no-as-needed -lc -lgcc --as-needed -lgcc_s --no-as-needed /usr/lib/gcc/x86_64-linux-gnu/4.8/crtend.o /usr/lib/gcc/x86_64-linux-gnu/4.8/../../../x86_64-linux-gnu/crtn.o
make[1]: Leaving directory `/home/crrl-user1/code_projects/nao_worktree/naonav/build-remote_toolchain/CMakeFiles/CMakeTmp'


Parsed C implicit link information from above output:
  link line regex: [^( *|.*[/\])(ld|([^/\]+-)?ld|collect2)[^/\]*( |$)]
  ignore line: [Change Dir: /home/crrl-user1/code_projects/nao_worktree/naonav/build-remote_toolchain/CMakeFiles/CMakeTmp]
  ignore line: []
  ignore line: [Run Build Command:/usr/bin/make "cmTryCompileExec3833668771/fast"]
  ignore line: [/usr/bin/make -f CMakeFiles/cmTryCompileExec3833668771.dir/build.make CMakeFiles/cmTryCompileExec3833668771.dir/build]
  ignore line: [make[1]: Entering directory `/home/crrl-user1/code_projects/nao_worktree/naonav/build-remote_toolchain/CMakeFiles/CMakeTmp']
  ignore line: [/usr/bin/cmake -E cmake_progress_report /home/crrl-user1/code_projects/nao_worktree/naonav/build-remote_toolchain/CMakeFiles/CMakeTmp/CMakeFiles 1]
  ignore line: [Building C object CMakeFiles/cmTryCompileExec3833668771.dir/CMakeCCompilerABI.c.o]
  ignore line: [/usr/bin/cc    -o CMakeFiles/cmTryCompileExec3833668771.dir/CMakeCCompilerABI.c.o   -c /usr/share/cmake-2.8/Modules/CMakeCCompilerABI.c]
  ignore line: [Linking C executable cmTryCompileExec3833668771]
  ignore line: [/usr/bin/cmake -E cmake_link_script CMakeFiles/cmTryCompileExec3833668771.dir/link.txt --verbose=1]
  ignore line: [/usr/bin/cc     -v CMakeFiles/cmTryCompileExec3833668771.dir/CMakeCCompilerABI.c.o  -o cmTryCompileExec3833668771 -rdynamic  ]
  ignore line: [Using built-in specs.]
  ignore line: [COLLECT_GCC=/usr/bin/cc]
  ignore line: [COLLECT_LTO_WRAPPER=/usr/lib/gcc/x86_64-linux-gnu/4.8/lto-wrapper]
  ignore line: [Target: x86_64-linux-gnu]
  ignore line: [Configured with: ../src/configure -v --with-pkgversion='Ubuntu 4.8.2-19ubuntu1' --with-bugurl=file:///usr/share/doc/gcc-4.8/README.Bugs --enable-languages=c,c++,java,go,d,fortran,objc,obj-c++ --prefix=/usr --program-suffix=-4.8 --enable-shared --enable-linker-build-id --libexecdir=/usr/lib --without-included-gettext --enable-threads=posix --with-gxx-include-dir=/usr/include/c++/4.8 --libdir=/usr/lib --enable-nls --with-sysroot=/ --enable-clocale=gnu --enable-libstdcxx-debug --enable-libstdcxx-time=yes --enable-gnu-unique-object --disable-libmudflap --enable-plugin --with-system-zlib --disable-browser-plugin --enable-java-awt=gtk --enable-gtk-cairo --with-java-home=/usr/lib/jvm/java-1.5.0-gcj-4.8-amd64/jre --enable-java-home --with-jvm-root-dir=/usr/lib/jvm/java-1.5.0-gcj-4.8-amd64 --with-jvm-jar-dir=/usr/lib/jvm-exports/java-1.5.0-gcj-4.8-amd64 --with-arch-directory=amd64 --with-ecj-jar=/usr/share/java/eclipse-ecj.jar --enable-objc-gc --enable-multiarch --disable-werror --with-arch-32=i686 --with-abi=m64 --with-multilib-list=m32,m64,mx32 --with-tune=generic --enable-checking=release --build=x86_64-linux-gnu --host=x86_64-linux-gnu --target=x86_64-linux-gnu]
  ignore line: [Thread model: posix]
  ignore line: [gcc version 4.8.2 (Ubuntu 4.8.2-19ubuntu1) ]
  ignore line: [COMPILER_PATH=/usr/lib/gcc/x86_64-linux-gnu/4.8/:/usr/lib/gcc/x86_64-linux-gnu/4.8/:/usr/lib/gcc/x86_64-linux-gnu/:/usr/lib/gcc/x86_64-linux-gnu/4.8/:/usr/lib/gcc/x86_64-linux-gnu/]
  ignore line: [LIBRARY_PATH=/usr/lib/gcc/x86_64-linux-gnu/4.8/:/usr/lib/gcc/x86_64-linux-gnu/4.8/../../../x86_64-linux-gnu/:/usr/lib/gcc/x86_64-linux-gnu/4.8/../../../../lib/:/lib/x86_64-linux-gnu/:/lib/../lib/:/usr/lib/x86_64-linux-gnu/:/usr/lib/../lib/:/usr/lib/gcc/x86_64-linux-gnu/4.8/../../../:/lib/:/usr/lib/]
  ignore line: [COLLECT_GCC_OPTIONS='-v' '-o' 'cmTryCompileExec3833668771' '-rdynamic' '-mtune=generic' '-march=x86-64']
  link line: [ /usr/lib/gcc/x86_64-linux-gnu/4.8/collect2 --sysroot=/ --build-id --eh-frame-hdr -m elf_x86_64 --hash-style=gnu --as-needed -export-dynamic -dynamic-linker /lib64/ld-linux-x86-64.so.2 -z relro -o cmTryCompileExec3833668771 /usr/lib/gcc/x86_64-linux-gnu/4.8/../../../x86_64-linux-gnu/crt1.o /usr/lib/gcc/x86_64-linux-gnu/4.8/../../../x86_64-linux-gnu/crti.o /usr/lib/gcc/x86_64-linux-gnu/4.8/crtbegin.o -L/usr/lib/gcc/x86_64-linux-gnu/4.8 -L/usr/lib/gcc/x86_64-linux-gnu/4.8/../../../x86_64-linux-gnu -L/usr/lib/gcc/x86_64-linux-gnu/4.8/../../../../lib -L/lib/x86_64-linux-gnu -L/lib/../lib -L/usr/lib/x86_64-linux-gnu -L/usr/lib/../lib -L/usr/lib/gcc/x86_64-linux-gnu/4.8/../../.. CMakeFiles/cmTryCompileExec3833668771.dir/CMakeCCompilerABI.c.o -lgcc --as-needed -lgcc_s --no-as-needed -lc -lgcc --as-needed -lgcc_s --no-as-needed /usr/lib/gcc/x86_64-linux-gnu/4.8/crtend.o /usr/lib/gcc/x86_64-linux-gnu/4.8/../../../x86_64-linux-gnu/crtn.o]
    arg [/usr/lib/gcc/x86_64-linux-gnu/4.8/collect2] ==> ignore
    arg [--sysroot=/] ==> ignore
    arg [--build-id] ==> ignore
    arg [--eh-frame-hdr] ==> ignore
    arg [-m] ==> ignore
    arg [elf_x86_64] ==> ignore
    arg [--hash-style=gnu] ==> ignore
    arg [--as-needed] ==> ignore
    arg [-export-dynamic] ==> ignore
    arg [-dynamic-linker] ==> ignore
    arg [/lib64/ld-linux-x86-64.so.2] ==> ignore
    arg [-zrelro] ==> ignore
    arg [-o] ==> ignore
    arg [cmTryCompileExec3833668771] ==> ignore
    arg [/usr/lib/gcc/x86_64-linux-gnu/4.8/../../../x86_64-linux-gnu/crt1.o] ==> ignore
    arg [/usr/lib/gcc/x86_64-linux-gnu/4.8/../../../x86_64-linux-gnu/crti.o] ==> ignore
    arg [/usr/lib/gcc/x86_64-linux-gnu/4.8/crtbegin.o] ==> ignore
    arg [-L/usr/lib/gcc/x86_64-linux-gnu/4.8] ==> dir [/usr/lib/gcc/x86_64-linux-gnu/4.8]
    arg [-L/usr/lib/gcc/x86_64-linux-gnu/4.8/../../../x86_64-linux-gnu] ==> dir [/usr/lib/gcc/x86_64-linux-gnu/4.8/../../../x86_64-linux-gnu]
    arg [-L/usr/lib/gcc/x86_64-linux-gnu/4.8/../../../../lib] ==> dir [/usr/lib/gcc/x86_64-linux-gnu/4.8/../../../../lib]
    arg [-L/lib/x86_64-linux-gnu] ==> dir [/lib/x86_64-linux-gnu]
    arg [-L/lib/../lib] ==> dir [/lib/../lib]
    arg [-L/usr/lib/x86_64-linux-gnu] ==> dir [/usr/lib/x86_64-linux-gnu]
    arg [-L/usr/lib/../lib] ==> dir [/usr/lib/../lib]
    arg [-L/usr/lib/gcc/x86_64-linux-gnu/4.8/../../..] ==> dir [/usr/lib/gcc/x86_64-linux-gnu/4.8/../../..]
    arg [CMakeFiles/cmTryCompileExec3833668771.dir/CMakeCCompilerABI.c.o] ==> ignore
    arg [-lgcc] ==> lib [gcc]
    arg [--as-needed] ==> ignore
    arg [-lgcc_s] ==> lib [gcc_s]
    arg [--no-as-needed] ==> ignore
    arg [-lc] ==> lib [c]
    arg [-lgcc] ==> lib [gcc]
    arg [--as-needed] ==> ignore
    arg [-lgcc_s] ==> lib [gcc_s]
    arg [--no-as-needed] ==> ignore
    arg [/usr/lib/gcc/x86_64-linux-gnu/4.8/crtend.o] ==> ignore
    arg [/usr/lib/gcc/x86_64-linux-gnu/4.8/../../../x86_64-linux-gnu/crtn.o] ==> ignore
  remove lib [gcc]
  remove lib [gcc_s]
  remove lib [gcc]
  remove lib [gcc_s]
  collapse library dir [/usr/lib/gcc/x86_64-linux-gnu/4.8] ==> [/usr/lib/gcc/x86_64-linux-gnu/4.8]
  collapse library dir [/usr/lib/gcc/x86_64-linux-gnu/4.8/../../../x86_64-linux-gnu] ==> [/usr/lib/x86_64-linux-gnu]
  collapse library dir [/usr/lib/gcc/x86_64-linux-gnu/4.8/../../../../lib] ==> [/usr/lib]
  collapse library dir [/lib/x86_64-linux-gnu] ==> [/lib/x86_64-linux-gnu]
  collapse library dir [/lib/../lib] ==> [/lib]
  collapse library dir [/usr/lib/x86_64-linux-gnu] ==> [/usr/lib/x86_64-linux-gnu]
  collapse library dir [/usr/lib/../lib] ==> [/usr/lib]
  collapse library dir [/usr/lib/gcc/x86_64-linux-gnu/4.8/../../..] ==> [/usr/lib]
  implicit libs: [c]
  implicit dirs: [/usr/lib/gcc/x86_64-linux-gnu/4.8;/usr/lib/x86_64-linux-gnu;/usr/lib;/lib/x86_64-linux-gnu;/lib]
  implicit fwks: []


Determining if the CXX compiler works passed with the following output:
Change Dir: /home/crrl-user1/code_projects/nao_worktree/naonav/build-remote_toolchain/CMakeFiles/CMakeTmp

Run Build Command:/usr/bin/make "cmTryCompileExec2004591172/fast"
/usr/bin/make -f CMakeFiles/cmTryCompileExec2004591172.dir/build.make CMakeFiles/cmTryCompileExec2004591172.dir/build
make[1]: Entering directory `/home/crrl-user1/code_projects/nao_worktree/naonav/build-remote_toolchain/CMakeFiles/CMakeTmp'
/usr/bin/cmake -E cmake_progress_report /home/crrl-user1/code_projects/nao_worktree/naonav/build-remote_toolchain/CMakeFiles/CMakeTmp/CMakeFiles 1
Building CXX object CMakeFiles/cmTryCompileExec2004591172.dir/testCXXCompiler.cxx.o
/usr/bin/c++     -o CMakeFiles/cmTryCompileExec2004591172.dir/testCXXCompiler.cxx.o -c /home/crrl-user1/code_projects/nao_worktree/naonav/build-remote_toolchain/CMakeFiles/CMakeTmp/testCXXCompiler.cxx
Linking CXX executable cmTryCompileExec2004591172
/usr/bin/cmake -E cmake_link_script CMakeFiles/cmTryCompileExec2004591172.dir/link.txt --verbose=1
/usr/bin/c++        CMakeFiles/cmTryCompileExec2004591172.dir/testCXXCompiler.cxx.o  -o cmTryCompileExec2004591172 -rdynamic 
make[1]: Leaving directory `/home/crrl-user1/code_projects/nao_worktree/naonav/build-remote_toolchain/CMakeFiles/CMakeTmp'


Detecting CXX compiler ABI info compiled with the following output:
Change Dir: /home/crrl-user1/code_projects/nao_worktree/naonav/build-remote_toolchain/CMakeFiles/CMakeTmp

Run Build Command:/usr/bin/make "cmTryCompileExec4262545788/fast"
/usr/bin/make -f CMakeFiles/cmTryCompileExec4262545788.dir/build.make CMakeFiles/cmTryCompileExec4262545788.dir/build
make[1]: Entering directory `/home/crrl-user1/code_projects/nao_worktree/naonav/build-remote_toolchain/CMakeFiles/CMakeTmp'
/usr/bin/cmake -E cmake_progress_report /home/crrl-user1/code_projects/nao_worktree/naonav/build-remote_toolchain/CMakeFiles/CMakeTmp/CMakeFiles 1
Building CXX object CMakeFiles/cmTryCompileExec4262545788.dir/CMakeCXXCompilerABI.cpp.o
/usr/bin/c++     -o CMakeFiles/cmTryCompileExec4262545788.dir/CMakeCXXCompilerABI.cpp.o -c /usr/share/cmake-2.8/Modules/CMakeCXXCompilerABI.cpp
Linking CXX executable cmTryCompileExec4262545788
/usr/bin/cmake -E cmake_link_script CMakeFiles/cmTryCompileExec4262545788.dir/link.txt --verbose=1
/usr/bin/c++      -v CMakeFiles/cmTryCompileExec4262545788.dir/CMakeCXXCompilerABI.cpp.o  -o cmTryCompileExec4262545788 -rdynamic  
Using built-in specs.
COLLECT_GCC=/usr/bin/c++
COLLECT_LTO_WRAPPER=/usr/lib/gcc/x86_64-linux-gnu/4.8/lto-wrapper
Target: x86_64-linux-gnu
Configured with: ../src/configure -v --with-pkgversion='Ubuntu 4.8.2-19ubuntu1' --with-bugurl=file:///usr/share/doc/gcc-4.8/README.Bugs --enable-languages=c,c++,java,go,d,fortran,objc,obj-c++ --prefix=/usr --program-suffix=-4.8 --enable-shared --enable-linker-build-id --libexecdir=/usr/lib --without-included-gettext --enable-threads=posix --with-gxx-include-dir=/usr/include/c++/4.8 --libdir=/usr/lib --enable-nls --with-sysroot=/ --enable-clocale=gnu --enable-libstdcxx-debug --enable-libstdcxx-time=yes --enable-gnu-unique-object --disable-libmudflap --enable-plugin --with-system-zlib --disable-browser-plugin --enable-java-awt=gtk --enable-gtk-cairo --with-java-home=/usr/lib/jvm/java-1.5.0-gcj-4.8-amd64/jre --enable-java-home --with-jvm-root-dir=/usr/lib/jvm/java-1.5.0-gcj-4.8-amd64 --with-jvm-jar-dir=/usr/lib/jvm-exports/java-1.5.0-gcj-4.8-amd64 --with-arch-directory=amd64 --with-ecj-jar=/usr/share/java/eclipse-ecj.jar --enable-objc-gc --enable-multiarch --disable-werror --with-arch-32=i686 --with-abi=m64 --with-multilib-list=m32,m64,mx32 --with-tune=generic --enable-checking=release --build=x86_64-linux-gnu --host=x86_64-linux-gnu --target=x86_64-linux-gnu
Thread model: posix
gcc version 4.8.2 (Ubuntu 4.8.2-19ubuntu1) 
COMPILER_PATH=/usr/lib/gcc/x86_64-linux-gnu/4.8/:/usr/lib/gcc/x86_64-linux-gnu/4.8/:/usr/lib/gcc/x86_64-linux-gnu/:/usr/lib/gcc/x86_64-linux-gnu/4.8/:/usr/lib/gcc/x86_64-linux-gnu/
LIBRARY_PATH=/usr/lib/gcc/x86_64-linux-gnu/4.8/:/usr/lib/gcc/x86_64-linux-gnu/4.8/../../../x86_64-linux-gnu/:/usr/lib/gcc/x86_64-linux-gnu/4.8/../../../../lib/:/lib/x86_64-linux-gnu/:/lib/../lib/:/usr/lib/x86_64-linux-gnu/:/usr/lib/../lib/:/usr/lib/gcc/x86_64-linux-gnu/4.8/../../../:/lib/:/usr/lib/
COLLECT_GCC_OPTIONS='-v' '-o' 'cmTryCompileExec4262545788' '-rdynamic' '-shared-libgcc' '-mtune=generic' '-march=x86-64'
 /usr/lib/gcc/x86_64-linux-gnu/4.8/collect2 --sysroot=/ --build-id --eh-frame-hdr -m elf_x86_64 --hash-style=gnu --as-needed -export-dynamic -dynamic-linker /lib64/ld-linux-x86-64.so.2 -z relro -o cmTryCompileExec4262545788 /usr/lib/gcc/x86_64-linux-gnu/4.8/../../../x86_64-linux-gnu/crt1.o /usr/lib/gcc/x86_64-linux-gnu/4.8/../../../x86_64-linux-gnu/crti.o /usr/lib/gcc/x86_64-linux-gnu/4.8/crtbegin.o -L/usr/lib/gcc/x86_64-linux-gnu/4.8 -L/usr/lib/gcc/x86_64-linux-gnu/4.8/../../../x86_64-linux-gnu -L/usr/lib/gcc/x86_64-linux-gnu/4.8/../../../../lib -L/lib/x86_64-linux-gnu -L/lib/../lib -L/usr/lib/x86_64-linux-gnu -L/usr/lib/../lib -L/usr/lib/gcc/x86_64-linux-gnu/4.8/../../.. CMakeFiles/cmTryCompileExec4262545788.dir/CMakeCXXCompilerABI.cpp.o -lstdc++ -lm -lgcc_s -lgcc -lc -lgcc_s -lgcc /usr/lib/gcc/x86_64-linux-gnu/4.8/crtend.o /usr/lib/gcc/x86_64-linux-gnu/4.8/../../../x86_64-linux-gnu/crtn.o
make[1]: Leaving directory `/home/crrl-user1/code_projects/nao_worktree/naonav/build-remote_toolchain/CMakeFiles/CMakeTmp'


Parsed CXX implicit link information from above output:
  link line regex: [^( *|.*[/\])(ld|([^/\]+-)?ld|collect2)[^/\]*( |$)]
  ignore line: [Change Dir: /home/crrl-user1/code_projects/nao_worktree/naonav/build-remote_toolchain/CMakeFiles/CMakeTmp]
  ignore line: []
  ignore line: [Run Build Command:/usr/bin/make "cmTryCompileExec4262545788/fast"]
  ignore line: [/usr/bin/make -f CMakeFiles/cmTryCompileExec4262545788.dir/build.make CMakeFiles/cmTryCompileExec4262545788.dir/build]
  ignore line: [make[1]: Entering directory `/home/crrl-user1/code_projects/nao_worktree/naonav/build-remote_toolchain/CMakeFiles/CMakeTmp']
  ignore line: [/usr/bin/cmake -E cmake_progress_report /home/crrl-user1/code_projects/nao_worktree/naonav/build-remote_toolchain/CMakeFiles/CMakeTmp/CMakeFiles 1]
  ignore line: [Building CXX object CMakeFiles/cmTryCompileExec4262545788.dir/CMakeCXXCompilerABI.cpp.o]
  ignore line: [/usr/bin/c++     -o CMakeFiles/cmTryCompileExec4262545788.dir/CMakeCXXCompilerABI.cpp.o -c /usr/share/cmake-2.8/Modules/CMakeCXXCompilerABI.cpp]
  ignore line: [Linking CXX executable cmTryCompileExec4262545788]
  ignore line: [/usr/bin/cmake -E cmake_link_script CMakeFiles/cmTryCompileExec4262545788.dir/link.txt --verbose=1]
  ignore line: [/usr/bin/c++      -v CMakeFiles/cmTryCompileExec4262545788.dir/CMakeCXXCompilerABI.cpp.o  -o cmTryCompileExec4262545788 -rdynamic  ]
  ignore line: [Using built-in specs.]
  ignore line: [COLLECT_GCC=/usr/bin/c++]
  ignore line: [COLLECT_LTO_WRAPPER=/usr/lib/gcc/x86_64-linux-gnu/4.8/lto-wrapper]
  ignore line: [Target: x86_64-linux-gnu]
  ignore line: [Configured with: ../src/configure -v --with-pkgversion='Ubuntu 4.8.2-19ubuntu1' --with-bugurl=file:///usr/share/doc/gcc-4.8/README.Bugs --enable-languages=c,c++,java,go,d,fortran,objc,obj-c++ --prefix=/usr --program-suffix=-4.8 --enable-shared --enable-linker-build-id --libexecdir=/usr/lib --without-included-gettext --enable-threads=posix --with-gxx-include-dir=/usr/include/c++/4.8 --libdir=/usr/lib --enable-nls --with-sysroot=/ --enable-clocale=gnu --enable-libstdcxx-debug --enable-libstdcxx-time=yes --enable-gnu-unique-object --disable-libmudflap --enable-plugin --with-system-zlib --disable-browser-plugin --enable-java-awt=gtk --enable-gtk-cairo --with-java-home=/usr/lib/jvm/java-1.5.0-gcj-4.8-amd64/jre --enable-java-home --with-jvm-root-dir=/usr/lib/jvm/java-1.5.0-gcj-4.8-amd64 --with-jvm-jar-dir=/usr/lib/jvm-exports/java-1.5.0-gcj-4.8-amd64 --with-arch-directory=amd64 --with-ecj-jar=/usr/share/java/eclipse-ecj.jar --enable-objc-gc --enable-multiarch --disable-werror --with-arch-32=i686 --with-abi=m64 --with-multilib-list=m32,m64,mx32 --with-tune=generic --enable-checking=release --build=x86_64-linux-gnu --host=x86_64-linux-gnu --target=x86_64-linux-gnu]
  ignore line: [Thread model: posix]
  ignore line: [gcc version 4.8.2 (Ubuntu 4.8.2-19ubuntu1) ]
  ignore line: [COMPILER_PATH=/usr/lib/gcc/x86_64-linux-gnu/4.8/:/usr/lib/gcc/x86_64-linux-gnu/4.8/:/usr/lib/gcc/x86_64-linux-gnu/:/usr/lib/gcc/x86_64-linux-gnu/4.8/:/usr/lib/gcc/x86_64-linux-gnu/]
  ignore line: [LIBRARY_PATH=/usr/lib/gcc/x86_64-linux-gnu/4.8/:/usr/lib/gcc/x86_64-linux-gnu/4.8/../../../x86_64-linux-gnu/:/usr/lib/gcc/x86_64-linux-gnu/4.8/../../../../lib/:/lib/x86_64-linux-gnu/:/lib/../lib/:/usr/lib/x86_64-linux-gnu/:/usr/lib/../lib/:/usr/lib/gcc/x86_64-linux-gnu/4.8/../../../:/lib/:/usr/lib/]
  ignore line: [COLLECT_GCC_OPTIONS='-v' '-o' 'cmTryCompileExec4262545788' '-rdynamic' '-shared-libgcc' '-mtune=generic' '-march=x86-64']
  link line: [ /usr/lib/gcc/x86_64-linux-gnu/4.8/collect2 --sysroot=/ --build-id --eh-frame-hdr -m elf_x86_64 --hash-style=gnu --as-needed -export-dynamic -dynamic-linker /lib64/ld-linux-x86-64.so.2 -z relro -o cmTryCompileExec4262545788 /usr/lib/gcc/x86_64-linux-gnu/4.8/../../../x86_64-linux-gnu/crt1.o /usr/lib/gcc/x86_64-linux-gnu/4.8/../../../x86_64-linux-gnu/crti.o /usr/lib/gcc/x86_64-linux-gnu/4.8/crtbegin.o -L/usr/lib/gcc/x86_64-linux-gnu/4.8 -L/usr/lib/gcc/x86_64-linux-gnu/4.8/../../../x86_64-linux-gnu -L/usr/lib/gcc/x86_64-linux-gnu/4.8/../../../../lib -L/lib/x86_64-linux-gnu -L/lib/../lib -L/usr/lib/x86_64-linux-gnu -L/usr/lib/../lib -L/usr/lib/gcc/x86_64-linux-gnu/4.8/../../.. CMakeFiles/cmTryCompileExec4262545788.dir/CMakeCXXCompilerABI.cpp.o -lstdc++ -lm -lgcc_s -lgcc -lc -lgcc_s -lgcc /usr/lib/gcc/x86_64-linux-gnu/4.8/crtend.o /usr/lib/gcc/x86_64-linux-gnu/4.8/../../../x86_64-linux-gnu/crtn.o]
    arg [/usr/lib/gcc/x86_64-linux-gnu/4.8/collect2] ==> ignore
    arg [--sysroot=/] ==> ignore
    arg [--build-id] ==> ignore
    arg [--eh-frame-hdr] ==> ignore
    arg [-m] ==> ignore
    arg [elf_x86_64] ==> ignore
    arg [--hash-style=gnu] ==> ignore
    arg [--as-needed] ==> ignore
    arg [-export-dynamic] ==> ignore
    arg [-dynamic-linker] ==> ignore
    arg [/lib64/ld-linux-x86-64.so.2] ==> ignore
    arg [-zrelro] ==> ignore
    arg [-o] ==> ignore
    arg [cmTryCompileExec4262545788] ==> ignore
    arg [/usr/lib/gcc/x86_64-linux-gnu/4.8/../../../x86_64-linux-gnu/crt1.o] ==> ignore
    arg [/usr/lib/gcc/x86_64-linux-gnu/4.8/../../../x86_64-linux-gnu/crti.o] ==> ignore
    arg [/usr/lib/gcc/x86_64-linux-gnu/4.8/crtbegin.o] ==> ignore
    arg [-L/usr/lib/gcc/x86_64-linux-gnu/4.8] ==> dir [/usr/lib/gcc/x86_64-linux-gnu/4.8]
    arg [-L/usr/lib/gcc/x86_64-linux-gnu/4.8/../../../x86_64-linux-gnu] ==> dir [/usr/lib/gcc/x86_64-linux-gnu/4.8/../../../x86_64-linux-gnu]
    arg [-L/usr/lib/gcc/x86_64-linux-gnu/4.8/../../../../lib] ==> dir [/usr/lib/gcc/x86_64-linux-gnu/4.8/../../../../lib]
    arg [-L/lib/x86_64-linux-gnu] ==> dir [/lib/x86_64-linux-gnu]
    arg [-L/lib/../lib] ==> dir [/lib/../lib]
    arg [-L/usr/lib/x86_64-linux-gnu] ==> dir [/usr/lib/x86_64-linux-gnu]
    arg [-L/usr/lib/../lib] ==> dir [/usr/lib/../lib]
    arg [-L/usr/lib/gcc/x86_64-linux-gnu/4.8/../../..] ==> dir [/usr/lib/gcc/x86_64-linux-gnu/4.8/../../..]
    arg [CMakeFiles/cmTryCompileExec4262545788.dir/CMakeCXXCompilerABI.cpp.o] ==> ignore
    arg [-lstdc++] ==> lib [stdc++]
    arg [-lm] ==> lib [m]
    arg [-lgcc_s] ==> lib [gcc_s]
    arg [-lgcc] ==> lib [gcc]
    arg [-lc] ==> lib [c]
    arg [-lgcc_s] ==> lib [gcc_s]
    arg [-lgcc] ==> lib [gcc]
    arg [/usr/lib/gcc/x86_64-linux-gnu/4.8/crtend.o] ==> ignore
    arg [/usr/lib/gcc/x86_64-linux-gnu/4.8/../../../x86_64-linux-gnu/crtn.o] ==> ignore
  remove lib [gcc_s]
  remove lib [gcc]
  remove lib [gcc_s]
  remove lib [gcc]
  collapse library dir [/usr/lib/gcc/x86_64-linux-gnu/4.8] ==> [/usr/lib/gcc/x86_64-linux-gnu/4.8]
  collapse library dir [/usr/lib/gcc/x86_64-linux-gnu/4.8/../../../x86_64-linux-gnu] ==> [/usr/lib/x86_64-linux-gnu]
  collapse library dir [/usr/lib/gcc/x86_64-linux-gnu/4.8/../../../../lib] ==> [/usr/lib]
  collapse library dir [/lib/x86_64-linux-gnu] ==> [/lib/x86_64-linux-gnu]
  collapse library dir [/lib/../lib] ==> [/lib]
  collapse library dir [/usr/lib/x86_64-linux-gnu] ==> [/usr/lib/x86_64-linux-gnu]
  collapse library dir [/usr/lib/../lib] ==> [/usr/lib]
  collapse library dir [/usr/lib/gcc/x86_64-linux-gnu/4.8/../../..] ==> [/usr/lib]
  implicit libs: [stdc++;m;c]
  implicit dirs: [/usr/lib/gcc/x86_64-linux-gnu/4.8;/usr/lib/x86_64-linux-gnu;/usr/lib;/lib/x86_64-linux-gnu;/lib]
  implicit fwks: []


Determining if files pthread.h exist passed with the following output:
Change Dir: /home/crrl-user1/code_projects/nao_worktree/naonav/build-remote_toolchain/CMakeFiles/CMakeTmp

Run Build Command:/usr/bin/make "cmTryCompileExec1580380604/fast"
/usr/bin/make -f CMakeFiles/cmTryCompileExec1580380604.dir/build.make CMakeFiles/cmTryCompileExec1580380604.dir/build
make[1]: Entering directory `/home/crrl-user1/code_projects/nao_worktree/naonav/build-remote_toolchain/CMakeFiles/CMakeTmp'
/usr/bin/cmake -E cmake_progress_report /home/crrl-user1/code_projects/nao_worktree/naonav/build-remote_toolchain/CMakeFiles/CMakeTmp/CMakeFiles 1
Building C object CMakeFiles/cmTryCompileExec1580380604.dir/CheckIncludeFiles.c.o
/usr/bin/cc    -o CMakeFiles/cmTryCompileExec1580380604.dir/CheckIncludeFiles.c.o   -c /home/crrl-user1/code_projects/nao_worktree/naonav/build-remote_toolchain/CMakeFiles/CMakeTmp/CheckIncludeFiles.c
Linking C executable cmTryCompileExec1580380604
/usr/bin/cmake -E cmake_link_script CMakeFiles/cmTryCompileExec1580380604.dir/link.txt --verbose=1
/usr/bin/cc       CMakeFiles/cmTryCompileExec1580380604.dir/CheckIncludeFiles.c.o  -o cmTryCompileExec1580380604 -rdynamic 
make[1]: Leaving directory `/home/crrl-user1/code_projects/nao_worktree/naonav/build-remote_toolchain/CMakeFiles/CMakeTmp'


Determining if the function pthread_create exists in the pthread passed with the following output:
Change Dir: /home/crrl-user1/code_projects/nao_worktree/naonav/build-remote_toolchain/CMakeFiles/CMakeTmp

Run Build Command:/usr/bin/make "cmTryCompileExec4063676807/fast"
/usr/bin/make -f CMakeFiles/cmTryCompileExec4063676807.dir/build.make CMakeFiles/cmTryCompileExec4063676807.dir/build
make[1]: Entering directory `/home/crrl-user1/code_projects/nao_worktree/naonav/build-remote_toolchain/CMakeFiles/CMakeTmp'
/usr/bin/cmake -E cmake_progress_report /home/crrl-user1/code_projects/nao_worktree/naonav/build-remote_toolchain/CMakeFiles/CMakeTmp/CMakeFiles 1
Building C object CMakeFiles/cmTryCompileExec4063676807.dir/CheckFunctionExists.c.o
/usr/bin/cc   -DCHECK_FUNCTION_EXISTS=pthread_create   -o CMakeFiles/cmTryCompileExec4063676807.dir/CheckFunctionExists.c.o   -c /usr/share/cmake-2.8/Modules/CheckFunctionExists.c
Linking C executable cmTryCompileExec4063676807
/usr/bin/cmake -E cmake_link_script CMakeFiles/cmTryCompileExec4063676807.dir/link.txt --verbose=1
/usr/bin/cc   -DCHECK_FUNCTION_EXISTS=pthread_create    CMakeFiles/cmTryCompileExec4063676807.dir/CheckFunctionExists.c.o  -o cmTryCompileExec4063676807 -rdynamic -lpthread 
make[1]: Leaving directory `/home/crrl-user1/code_projects/nao_worktree/naonav/build-remote_toolchain/CMakeFiles/CMakeTmp'


Determining if files pthread.h exist passed with the following output:
Change Dir: /home/crrl-user1/code_projects/nao_worktree/naonav/build-remote_toolchain/CMakeFiles/CMakeTmp

Run Build Command:/usr/bin/make "cmTryCompileExec914471111/fast"
/usr/bin/make -f CMakeFiles/cmTryCompileExec914471111.dir/build.make CMakeFiles/cmTryCompileExec914471111.dir/build
make[1]: Entering directory `/home/crrl-user1/code_projects/nao_worktree/naonav/build-remote_toolchain/CMakeFiles/CMakeTmp'
/usr/bin/cmake -E cmake_progress_report /home/crrl-user1/code_projects/nao_worktree/naonav/build-remote_toolchain/CMakeFiles/CMakeTmp/CMakeFiles 1
Building C object CMakeFiles/cmTryCompileExec914471111.dir/CheckIncludeFiles.c.o
/usr/bin/cc    -o CMakeFiles/cmTryCompileExec914471111.dir/CheckIncludeFiles.c.o   -c /home/crrl-user1/code_projects/nao_worktree/naonav/build-remote_toolchain/CMakeFiles/CMakeTmp/CheckIncludeFiles.c
Linking C executable cmTryCompileExec914471111
/usr/bin/cmake -E cmake_link_script CMakeFiles/cmTryCompileExec914471111.dir/link.txt --verbose=1
/usr/bin/cc       CMakeFiles/cmTryCompileExec914471111.dir/CheckIncludeFiles.c.o  -o cmTryCompileExec914471111 -rdynamic 
make[1]: Leaving directory `/home/crrl-user1/code_projects/nao_worktree/naonav/build-remote_toolchain/CMakeFiles/CMakeTmp'


Determining if the function pthread_create exists in the pthread passed with the following output:
Change Dir: /home/crrl-user1/code_projects/nao_worktree/naonav/build-remote_toolchain/CMakeFiles/CMakeTmp

Run Build Command:/usr/bin/make "cmTryCompileExec3661321565/fast"
/usr/bin/make -f CMakeFiles/cmTryCompileExec3661321565.dir/build.make CMakeFiles/cmTryCompileExec3661321565.dir/build
make[1]: Entering directory `/home/crrl-user1/code_projects/nao_worktree/naonav/build-remote_toolchain/CMakeFiles/CMakeTmp'
/usr/bin/cmake -E cmake_progress_report /home/crrl-user1/code_projects/nao_worktree/naonav/build-remote_toolchain/CMakeFiles/CMakeTmp/CMakeFiles 1
Building C object CMakeFiles/cmTryCompileExec3661321565.dir/CheckFunctionExists.c.o
/usr/bin/cc   -DCHECK_FUNCTION_EXISTS=pthread_create   -o CMakeFiles/cmTryCompileExec3661321565.dir/CheckFunctionExists.c.o   -c /usr/share/cmake-2.8/Modules/CheckFunctionExists.c
Linking C executable cmTryCompileExec3661321565
/usr/bin/cmake -E cmake_link_script CMakeFiles/cmTryCompileExec3661321565.dir/link.txt --verbose=1
/usr/bin/cc   -DCHECK_FUNCTION_EXISTS=pthread_create    CMakeFiles/cmTryCompileExec3661321565.dir/CheckFunctionExists.c.o  -o cmTryCompileExec3661321565 -rdynamic -lpthread 
make[1]: Leaving directory `/home/crrl-user1/code_projects/nao_worktree/naonav/build-remote_toolchain/CMakeFiles/CMakeTmp'


Determining if files pthread.h exist passed with the following output:
Change Dir: /home/crrl-user1/code_projects/nao_worktree/naonav/build-remote_toolchain/CMakeFiles/CMakeTmp

Run Build Command:/usr/bin/make "cmTryCompileExec2077725866/fast"
/usr/bin/make -f CMakeFiles/cmTryCompileExec2077725866.dir/build.make CMakeFiles/cmTryCompileExec2077725866.dir/build
make[1]: Entering directory `/home/crrl-user1/code_projects/nao_worktree/naonav/build-remote_toolchain/CMakeFiles/CMakeTmp'
/usr/bin/cmake -E cmake_progress_report /home/crrl-user1/code_projects/nao_worktree/naonav/build-remote_toolchain/CMakeFiles/CMakeTmp/CMakeFiles 1
Building C object CMakeFiles/cmTryCompileExec2077725866.dir/CheckIncludeFiles.c.o
/usr/bin/cc    -o CMakeFiles/cmTryCompileExec2077725866.dir/CheckIncludeFiles.c.o   -c /home/crrl-user1/code_projects/nao_worktree/naonav/build-remote_toolchain/CMakeFiles/CMakeTmp/CheckIncludeFiles.c
Linking C executable cmTryCompileExec2077725866
/usr/bin/cmake -E cmake_link_script CMakeFiles/cmTryCompileExec2077725866.dir/link.txt --verbose=1
/usr/bin/cc       CMakeFiles/cmTryCompileExec2077725866.dir/CheckIncludeFiles.c.o  -o cmTryCompileExec2077725866 -rdynamic 
make[1]: Leaving directory `/home/crrl-user1/code_projects/nao_worktree/naonav/build-remote_toolchain/CMakeFiles/CMakeTmp'


Determining if the function pthread_create exists in the pthread passed with the following output:
Change Dir: /home/crrl-user1/code_projects/nao_worktree/naonav/build-remote_toolchain/CMakeFiles/CMakeTmp

Run Build Command:/usr/bin/make "cmTryCompileExec383168748/fast"
/usr/bin/make -f CMakeFiles/cmTryCompileExec383168748.dir/build.make CMakeFiles/cmTryCompileExec383168748.dir/build
make[1]: Entering directory `/home/crrl-user1/code_projects/nao_worktree/naonav/build-remote_toolchain/CMakeFiles/CMakeTmp'
/usr/bin/cmake -E cmake_progress_report /home/crrl-user1/code_projects/nao_worktree/naonav/build-remote_toolchain/CMakeFiles/CMakeTmp/CMakeFiles 1
Building C object CMakeFiles/cmTryCompileExec383168748.dir/CheckFunctionExists.c.o
/usr/bin/cc   -DCHECK_FUNCTION_EXISTS=pthread_create   -o CMakeFiles/cmTryCompileExec383168748.dir/CheckFunctionExists.c.o   -c /usr/share/cmake-2.8/Modules/CheckFunctionExists.c
Linking C executable cmTryCompileExec383168748
/usr/bin/cmake -E cmake_link_script CMakeFiles/cmTryCompileExec383168748.dir/link.txt --verbose=1
/usr/bin/cc   -DCHECK_FUNCTION_EXISTS=pthread_create    CMakeFiles/cmTryCompileExec383168748.dir/CheckFunctionExists.c.o  -o cmTryCompileExec383168748 -rdynamic -lpthread 
make[1]: Leaving directory `/home/crrl-user1/code_projects/nao_worktree/naonav/build-remote_toolchain/CMakeFiles/CMakeTmp'


Determining if files pthread.h exist passed with the following output:
Change Dir: /home/crrl-user1/code_projects/nao_worktree/naonav/build-remote_toolchain/CMakeFiles/CMakeTmp

Run Build Command:/usr/bin/make "cmTryCompileExec3388019696/fast"
/usr/bin/make -f CMakeFiles/cmTryCompileExec3388019696.dir/build.make CMakeFiles/cmTryCompileExec3388019696.dir/build
make[1]: Entering directory `/home/crrl-user1/code_projects/nao_worktree/naonav/build-remote_toolchain/CMakeFiles/CMakeTmp'
/usr/bin/cmake -E cmake_progress_report /home/crrl-user1/code_projects/nao_worktree/naonav/build-remote_toolchain/CMakeFiles/CMakeTmp/CMakeFiles 1
Building C object CMakeFiles/cmTryCompileExec3388019696.dir/CheckIncludeFiles.c.o
/usr/bin/cc    -o CMakeFiles/cmTryCompileExec3388019696.dir/CheckIncludeFiles.c.o   -c /home/crrl-user1/code_projects/nao_worktree/naonav/build-remote_toolchain/CMakeFiles/CMakeTmp/CheckIncludeFiles.c
Linking C executable cmTryCompileExec3388019696
/usr/bin/cmake -E cmake_link_script CMakeFiles/cmTryCompileExec3388019696.dir/link.txt --verbose=1
/usr/bin/cc       CMakeFiles/cmTryCompileExec3388019696.dir/CheckIncludeFiles.c.o  -o cmTryCompileExec3388019696 -rdynamic 
make[1]: Leaving directory `/home/crrl-user1/code_projects/nao_worktree/naonav/build-remote_toolchain/CMakeFiles/CMakeTmp'


Determining if the function pthread_create exists in the pthread passed with the following output:
Change Dir: /home/crrl-user1/code_projects/nao_worktree/naonav/build-remote_toolchain/CMakeFiles/CMakeTmp

Run Build Command:/usr/bin/make "cmTryCompileExec1222765280/fast"
/usr/bin/make -f CMakeFiles/cmTryCompileExec1222765280.dir/build.make CMakeFiles/cmTryCompileExec1222765280.dir/build
make[1]: Entering directory `/home/crrl-user1/code_projects/nao_worktree/naonav/build-remote_toolchain/CMakeFiles/CMakeTmp'
/usr/bin/cmake -E cmake_progress_report /home/crrl-user1/code_projects/nao_worktree/naonav/build-remote_toolchain/CMakeFiles/CMakeTmp/CMakeFiles 1
Building C object CMakeFiles/cmTryCompileExec1222765280.dir/CheckFunctionExists.c.o
/usr/bin/cc   -DCHECK_FUNCTION_EXISTS=pthread_create   -o CMakeFiles/cmTryCompileExec1222765280.dir/CheckFunctionExists.c.o   -c /usr/share/cmake-2.8/Modules/CheckFunctionExists.c
Linking C executable cmTryCompileExec1222765280
/usr/bin/cmake -E cmake_link_script CMakeFiles/cmTryCompileExec1222765280.dir/link.txt --verbose=1
/usr/bin/cc   -DCHECK_FUNCTION_EXISTS=pthread_create    CMakeFiles/cmTryCompileExec1222765280.dir/CheckFunctionExists.c.o  -o cmTryCompileExec1222765280 -rdynamic -lpthread 
make[1]: Leaving directory `/home/crrl-user1/code_projects/nao_worktree/naonav/build-remote_toolchain/CMakeFiles/CMakeTmp'


Determining if files pthread.h exist passed with the following output:
Change Dir: /home/crrl-user1/code_projects/nao_worktree/naonav/build-remote_toolchain/CMakeFiles/CMakeTmp

Run Build Command:/usr/bin/make "cmTryCompileExec4052691334/fast"
/usr/bin/make -f CMakeFiles/cmTryCompileExec4052691334.dir/build.make CMakeFiles/cmTryCompileExec4052691334.dir/build
make[1]: Entering directory `/home/crrl-user1/code_projects/nao_worktree/naonav/build-remote_toolchain/CMakeFiles/CMakeTmp'
/usr/bin/cmake -E cmake_progress_report /home/crrl-user1/code_projects/nao_worktree/naonav/build-remote_toolchain/CMakeFiles/CMakeTmp/CMakeFiles 1
Building C object CMakeFiles/cmTryCompileExec4052691334.dir/CheckIncludeFiles.c.o
/usr/bin/cc    -o CMakeFiles/cmTryCompileExec4052691334.dir/CheckIncludeFiles.c.o   -c /home/crrl-user1/code_projects/nao_worktree/naonav/build-remote_toolchain/CMakeFiles/CMakeTmp/CheckIncludeFiles.c
Linking C executable cmTryCompileExec4052691334
/usr/bin/cmake -E cmake_link_script CMakeFiles/cmTryCompileExec4052691334.dir/link.txt --verbose=1
/usr/bin/cc       CMakeFiles/cmTryCompileExec4052691334.dir/CheckIncludeFiles.c.o  -o cmTryCompileExec4052691334 -rdynamic 
make[1]: Leaving directory `/home/crrl-user1/code_projects/nao_worktree/naonav/build-remote_toolchain/CMakeFiles/CMakeTmp'


Determining if the function pthread_create exists in the pthread passed with the following output:
Change Dir: /home/crrl-user1/code_projects/nao_worktree/naonav/build-remote_toolchain/CMakeFiles/CMakeTmp

Run Build Command:/usr/bin/make "cmTryCompileExec1388297603/fast"
/usr/bin/make -f CMakeFiles/cmTryCompileExec1388297603.dir/build.make CMakeFiles/cmTryCompileExec1388297603.dir/build
make[1]: Entering directory `/home/crrl-user1/code_projects/nao_worktree/naonav/build-remote_toolchain/CMakeFiles/CMakeTmp'
/usr/bin/cmake -E cmake_progress_report /home/crrl-user1/code_projects/nao_worktree/naonav/build-remote_toolchain/CMakeFiles/CMakeTmp/CMakeFiles 1
Building C object CMakeFiles/cmTryCompileExec1388297603.dir/CheckFunctionExists.c.o
/usr/bin/cc   -DCHECK_FUNCTION_EXISTS=pthread_create   -o CMakeFiles/cmTryCompileExec1388297603.dir/CheckFunctionExists.c.o   -c /usr/share/cmake-2.8/Modules/CheckFunctionExists.c
Linking C executable cmTryCompileExec1388297603
/usr/bin/cmake -E cmake_link_script CMakeFiles/cmTryCompileExec1388297603.dir/link.txt --verbose=1
/usr/bin/cc   -DCHECK_FUNCTION_EXISTS=pthread_create    CMakeFiles/cmTryCompileExec1388297603.dir/CheckFunctionExists.c.o  -o cmTryCompileExec1388297603 -rdynamic -lpthread 
make[1]: Leaving directory `/home/crrl-user1/code_projects/nao_worktree/naonav/build-remote_toolchain/CMakeFiles/CMakeTmp'


Determining if files pthread.h exist passed with the following output:
Change Dir: /home/crrl-user1/code_projects/nao_worktree/naonav/build-remote_toolchain/CMakeFiles/CMakeTmp

Run Build Command:/usr/bin/make "cmTryCompileExec2685270656/fast"
/usr/bin/make -f CMakeFiles/cmTryCompileExec2685270656.dir/build.make CMakeFiles/cmTryCompileExec2685270656.dir/build
make[1]: Entering directory `/home/crrl-user1/code_projects/nao_worktree/naonav/build-remote_toolchain/CMakeFiles/CMakeTmp'
/usr/bin/cmake -E cmake_progress_report /home/crrl-user1/code_projects/nao_worktree/naonav/build-remote_toolchain/CMakeFiles/CMakeTmp/CMakeFiles 1
Building C object CMakeFiles/cmTryCompileExec2685270656.dir/CheckIncludeFiles.c.o
/usr/bin/cc    -o CMakeFiles/cmTryCompileExec2685270656.dir/CheckIncludeFiles.c.o   -c /home/crrl-user1/code_projects/nao_worktree/naonav/build-remote_toolchain/CMakeFiles/CMakeTmp/CheckIncludeFiles.c
Linking C executable cmTryCompileExec2685270656
/usr/bin/cmake -E cmake_link_script CMakeFiles/cmTryCompileExec2685270656.dir/link.txt --verbose=1
/usr/bin/cc       CMakeFiles/cmTryCompileExec2685270656.dir/CheckIncludeFiles.c.o  -o cmTryCompileExec2685270656 -rdynamic 
make[1]: Leaving directory `/home/crrl-user1/code_projects/nao_worktree/naonav/build-remote_toolchain/CMakeFiles/CMakeTmp'


Determining if the function pthread_create exists in the pthread passed with the following output:
Change Dir: /home/crrl-user1/code_projects/nao_worktree/naonav/build-remote_toolchain/CMakeFiles/CMakeTmp

Run Build Command:/usr/bin/make "cmTryCompileExec245336137/fast"
/usr/bin/make -f CMakeFiles/cmTryCompileExec245336137.dir/build.make CMakeFiles/cmTryCompileExec245336137.dir/build
make[1]: Entering directory `/home/crrl-user1/code_projects/nao_worktree/naonav/build-remote_toolchain/CMakeFiles/CMakeTmp'
/usr/bin/cmake -E cmake_progress_report /home/crrl-user1/code_projects/nao_worktree/naonav/build-remote_toolchain/CMakeFiles/CMakeTmp/CMakeFiles 1
Building C object CMakeFiles/cmTryCompileExec245336137.dir/CheckFunctionExists.c.o
/usr/bin/cc   -DCHECK_FUNCTION_EXISTS=pthread_create   -o CMakeFiles/cmTryCompileExec245336137.dir/CheckFunctionExists.c.o   -c /usr/share/cmake-2.8/Modules/CheckFunctionExists.c
Linking C executable cmTryCompileExec245336137
/usr/bin/cmake -E cmake_link_script CMakeFiles/cmTryCompileExec245336137.dir/link.txt --verbose=1
/usr/bin/cc   -DCHECK_FUNCTION_EXISTS=pthread_create    CMakeFiles/cmTryCompileExec245336137.dir/CheckFunctionExists.c.o  -o cmTryCompileExec245336137 -rdynamic -lpthread 
make[1]: Leaving directory `/home/crrl-user1/code_projects/nao_worktree/naonav/build-remote_toolchain/CMakeFiles/CMakeTmp'


